#
# There is insufficient memory for the Java Runtime Environment to continue.
# Native memory allocation (malloc) failed to allocate 944576 bytes for Chunk::new
# Possible reasons:
#   The system is out of physical RAM or swap space
#   In 32 bit mode, the process size limit was hit
# Possible solutions:
#   Reduce memory load on the system
#   Increase physical memory or swap space
#   Check if swap backing store is full
#   Use 64 bit Java on a 64 bit OS
#   Decrease Java heap size (-Xmx/-Xms)
#   Decrease number of Java threads
#   Decrease Java thread stack sizes (-Xss)
#   Set larger code cache with -XX:ReservedCodeCacheSize=
# This output file may be truncated or incomplete.
#
#  Out of Memory Error (allocation.cpp:390), pid=10084, tid=0x0000000000002398
#
# JRE version: Java(TM) SE Runtime Environment (8.0_111-b14) (build 1.8.0_111-b14)
# Java VM: Java HotSpot(TM) 64-Bit Server VM (25.111-b14 mixed mode windows-amd64 compressed oops)
# Failed to write core dump. Minidumps are not enabled by default on client versions of Windows
#

---------------  T H R E A D  ---------------

Current thread (0x000000001bbca000):  JavaThread "C2 CompilerThread1" daemon [_thread_in_native, id=9112, stack(0x000000001d930000,0x000000001da30000)]

Stack: [0x000000001d930000,0x000000001da30000]
[error occurred during error reporting (printing stack bounds), id 0xc0000005]

Native frames: (J=compiled Java code, j=interpreted, Vv=VM code, C=native code)


Current CompileTask:
C2:   7345 3748       4       com.sun.beans.TypeResolver::resolve (37 bytes)


---------------  P R O C E S S  ---------------

Java Threads: ( => current thread )
  0x0000000021f49800 JavaThread "HikariPool-1 connection adder" daemon [_thread_blocked, id=11216, stack(0x000000001fe60000,0x000000001ff60000)]
  0x0000000021f4c000 JavaThread "HikariPool-1 housekeeper" daemon [_thread_blocked, id=6156, stack(0x00000000239f0000,0x0000000023af0000)]
  0x000000001d1dc000 JavaThread "container-0" [_thread_blocked, id=7448, stack(0x00000000233f0000,0x00000000234f0000)]
  0x000000001d216800 JavaThread "ContainerBackgroundProcessor[StandardEngine[Tomcat]]" daemon [_thread_blocked, id=5828, stack(0x0000000020190000,0x0000000020290000)]
  0x000000001f081800 JavaThread "localhost-startStop-1" daemon [_thread_blocked, id=9892, stack(0x00000000232c0000,0x00000000233c0000)]
  0x000000001f080800 JavaThread "Tomcat-startStop-1" daemon [_thread_blocked, id=10164, stack(0x000000001f620000,0x000000001f720000)]
  0x000000001e66d000 JavaThread "restartedMain" [_thread_in_Java, id=10952, stack(0x000000001f7e0000,0x000000001f8e0000)]
  0x000000001e2a0000 JavaThread "Thread-0" [_thread_blocked, id=9260, stack(0x000000001d7c0000,0x000000001d8c0000)]
  0x000000001d0f5000 JavaThread "Service Thread" daemon [_thread_blocked, id=5044, stack(0x000000001dc20000,0x000000001dd20000)]
  0x000000001bbcb000 JavaThread "C1 CompilerThread2" daemon [_thread_blocked, id=10692, stack(0x000000001dac0000,0x000000001dbc0000)]
=>0x000000001bbca000 JavaThread "C2 CompilerThread1" daemon [_thread_in_native, id=9112, stack(0x000000001d930000,0x000000001da30000)]
  0x000000001d0eb000 JavaThread "C2 CompilerThread0" daemon [_thread_blocked, id=4752, stack(0x000000001d6a0000,0x000000001d7a0000)]
  0x000000001d0e7800 JavaThread "Attach Listener" daemon [_thread_blocked, id=6928, stack(0x000000001cd20000,0x000000001ce20000)]
  0x000000001d0e6800 JavaThread "Signal Dispatcher" daemon [_thread_blocked, id=10064, stack(0x000000001d5a0000,0x000000001d6a0000)]
  0x000000001bba6800 JavaThread "Finalizer" daemon [_thread_blocked, id=7252, stack(0x000000001cfe0000,0x000000001d0e0000)]
  0x000000001bb65000 JavaThread "Reference Handler" daemon [_thread_blocked, id=6264, stack(0x000000001ce40000,0x000000001cf40000)]
  0x000000000213b000 JavaThread "main" [_thread_blocked, id=9080, stack(0x0000000002630000,0x0000000002730000)]

Other Threads:
  0x000000001bb5d800 VMThread [stack: 0x000000001cba0000,0x000000001cca0000] [id=9960]
  0x000000001d16f800 WatcherThread [stack: 0x000000001dd50000,0x000000001de50000] [id=10132]

VM state:not at safepoint (normal execution)

VM Mutex/Monitor currently owned by a thread: None

Heap:
 PSYoungGen      total 135168K, used 34426K [0x000000076ef00000, 0x0000000777d00000, 0x00000007c0000000)
  eden space 124928K, 27% used [0x000000076ef00000,0x000000077109e888,0x0000000776900000)
  from space 10240K, 0% used [0x0000000777300000,0x0000000777300000,0x0000000777d00000)
  to   space 10240K, 0% used [0x0000000776900000,0x0000000776900000,0x0000000777300000)
 ParOldGen       total 105472K, used 19790K [0x00000006ccc00000, 0x00000006d3300000, 0x000000076ef00000)
  object space 105472K, 18% used [0x00000006ccc00000,0x00000006cdf539b0,0x00000006d3300000)
 Metaspace       used 35689K, capacity 36904K, committed 37208K, reserved 1081344K
  class space    used 4485K, capacity 4762K, committed 4864K, reserved 1048576K

Card table byte_map: [0x0000000011dc0000,0x0000000012560000] byte_map_base: 0x000000000e75a000

Marking Bits: (ParMarkBitMap*) 0x000000006c73a6c0
 Begin Bits: [0x0000000013090000, 0x0000000016d60000)
 End Bits:   [0x0000000016d60000, 0x000000001aa30000)

Polling page: 0x0000000000430000

CodeCache: size=245760Kb used=12246Kb max_used=12781Kb free=233513Kb
 bounds [0x0000000002a00000, 0x0000000003690000, 0x0000000011a00000]
 total_blobs=3780 nmethods=3339 adapters=354
 compilation: enabled

Compilation events (10 events):
Event: 7.320 Thread 0x000000001bbcb000 nmethod 3756 0x0000000002cfd010 code [0x0000000002cfd180, 0x0000000002cfd468]
Event: 7.321 Thread 0x000000001bbcb000 3757       3       org.springframework.core.MethodClassKey::compareTo (78 bytes)
Event: 7.321 Thread 0x000000001d0eb000 3761       4       java.lang.Class::getAnnotations (11 bytes)
Event: 7.322 Thread 0x000000001bbcb000 nmethod 3757 0x00000000031da490 code [0x00000000031da6e0, 0x00000000031dbae8]
Event: 7.322 Thread 0x000000001bbcb000 3760       3       org.springframework.core.ResolvableType::forMethodParameter (9 bytes)
Event: 7.322 Thread 0x000000001bbcb000 nmethod 3760 0x0000000002d5fcd0 code [0x0000000002d5fe40, 0x0000000002d5ffa8]
Event: 7.322 Thread 0x000000001bbcb000 3759       3       org.springframework.util.ReflectionUtils$$Lambda$134/326880848::get$Lambda (9 bytes)
Event: 7.322 Thread 0x000000001bbcb000 nmethod 3759 0x00000000031d9fd0 code [0x00000000031da140, 0x00000000031da390]
Event: 7.322 Thread 0x000000001bbcb000 3758       3       org.springframework.util.ReflectionUtils::getAllDeclaredMethods (44 bytes)
Event: 7.322 Thread 0x000000001bbcb000 nmethod 3758 0x00000000033a9750 code [0x00000000033a9920, 0x00000000033aa228]

GC Heap History (10 events):
Event: 2.046 GC heap before
{Heap before GC invocations=2 (full 0):
 PSYoungGen      total 72704K, used 45514K [0x000000076ef00000, 0x0000000777d00000, 0x00000007c0000000)
  eden space 62464K, 58% used [0x000000076ef00000,0x0000000771279170,0x0000000772c00000)
  from space 10240K, 89% used [0x0000000772c00000,0x00000007734f9750,0x0000000773600000)
  to   space 10240K, 0% used [0x0000000777300000,0x0000000777300000,0x0000000777d00000)
 ParOldGen       total 166912K, used 16K [0x00000006ccc00000, 0x00000006d6f00000, 0x000000076ef00000)
  object space 166912K, 0% used [0x00000006ccc00000,0x00000006ccc04000,0x00000006d6f00000)
 Metaspace       used 20660K, capacity 21078K, committed 21248K, reserved 1067008K
  class space    used 2664K, capacity 2801K, committed 2816K, reserved 1048576K
Event: 2.059 GC heap after
Heap after GC invocations=2 (full 0):
 PSYoungGen      total 135168K, used 9603K [0x000000076ef00000, 0x0000000777d00000, 0x00000007c0000000)
  eden space 124928K, 0% used [0x000000076ef00000,0x000000076ef00000,0x0000000776900000)
  from space 10240K, 93% used [0x0000000777300000,0x0000000777c60ef8,0x0000000777d00000)
  to   space 10240K, 0% used [0x0000000776900000,0x0000000776900000,0x0000000777300000)
 ParOldGen       total 166912K, used 24K [0x00000006ccc00000, 0x00000006d6f00000, 0x000000076ef00000)
  object space 166912K, 0% used [0x00000006ccc00000,0x00000006ccc06000,0x00000006d6f00000)
 Metaspace       used 20660K, capacity 21078K, committed 21248K, reserved 1067008K
  class space    used 2664K, capacity 2801K, committed 2816K, reserved 1048576K
}
Event: 2.059 GC heap before
{Heap before GC invocations=3 (full 1):
 PSYoungGen      total 135168K, used 9603K [0x000000076ef00000, 0x0000000777d00000, 0x00000007c0000000)
  eden space 124928K, 0% used [0x000000076ef00000,0x000000076ef00000,0x0000000776900000)
  from space 10240K, 93% used [0x0000000777300000,0x0000000777c60ef8,0x0000000777d00000)
  to   space 10240K, 0% used [0x0000000776900000,0x0000000776900000,0x0000000777300000)
 ParOldGen       total 166912K, used 24K [0x00000006ccc00000, 0x00000006d6f00000, 0x000000076ef00000)
  object space 166912K, 0% used [0x00000006ccc00000,0x00000006ccc06000,0x00000006d6f00000)
 Metaspace       used 20660K, capacity 21078K, committed 21248K, reserved 1067008K
  class space    used 2664K, capacity 2801K, committed 2816K, reserved 1048576K
Event: 2.109 GC heap after
Heap after GC invocations=3 (full 1):
 PSYoungGen      total 135168K, used 0K [0x000000076ef00000, 0x0000000777d00000, 0x00000007c0000000)
  eden space 124928K, 0% used [0x000000076ef00000,0x000000076ef00000,0x0000000776900000)
  from space 10240K, 0% used [0x0000000777300000,0x0000000777300000,0x0000000777d00000)
  to   space 10240K, 0% used [0x0000000776900000,0x0000000776900000,0x0000000777300000)
 ParOldGen       total 105472K, used 9136K [0x00000006ccc00000, 0x00000006d3300000, 0x000000076ef00000)
  object space 105472K, 8% used [0x00000006ccc00000,0x00000006cd4ec070,0x00000006d3300000)
 Metaspace       used 20660K, capacity 21078K, committed 21248K, reserved 1067008K
  class space    used 2664K, capacity 2801K, committed 2816K, reserved 1048576K
}
Event: 4.499 GC heap before
{Heap before GC invocations=4 (full 1):
 PSYoungGen      total 135168K, used 124928K [0x000000076ef00000, 0x0000000777d00000, 0x00000007c0000000)
  eden space 124928K, 100% used [0x000000076ef00000,0x0000000776900000,0x0000000776900000)
  from space 10240K, 0% used [0x0000000777300000,0x0000000777300000,0x0000000777d00000)
  to   space 10240K, 0% used [0x0000000776900000,0x0000000776900000,0x0000000777300000)
 ParOldGen       total 105472K, used 9136K [0x00000006ccc00000, 0x00000006d3300000, 0x000000076ef00000)
  object space 105472K, 8% used [0x00000006ccc00000,0x00000006cd4ec070,0x00000006d3300000)
 Metaspace       used 29223K, capacity 30322K, committed 30464K, reserved 1075200K
  class space    used 3782K, capacity 4049K, committed 4096K, reserved 1048576K
Event: 4.540 GC heap after
Heap after GC invocations=4 (full 1):
 PSYoungGen      total 135168K, used 10233K [0x000000076ef00000, 0x0000000777d00000, 0x00000007c0000000)
  eden space 124928K, 0% used [0x000000076ef00000,0x000000076ef00000,0x0000000776900000)
  from space 10240K, 99% used [0x0000000776900000,0x00000007772fe7b0,0x0000000777300000)
  to   space 10240K, 0% used [0x0000000777300000,0x0000000777300000,0x0000000777d00000)
 ParOldGen       total 105472K, used 13533K [0x00000006ccc00000, 0x00000006d3300000, 0x000000076ef00000)
  object space 105472K, 12% used [0x00000006ccc00000,0x00000006cd9375d8,0x00000006d3300000)
 Metaspace       used 29223K, capacity 30322K, committed 30464K, reserved 1075200K
  class space    used 3782K, capacity 4049K, committed 4096K, reserved 1048576K
}
Event: 6.198 GC heap before
{Heap before GC invocations=5 (full 1):
 PSYoungGen      total 135168K, used 65223K [0x000000076ef00000, 0x0000000777d00000, 0x00000007c0000000)
  eden space 124928K, 44% used [0x000000076ef00000,0x00000007724b36c8,0x0000000776900000)
  from space 10240K, 99% used [0x0000000776900000,0x00000007772fe7b0,0x0000000777300000)
  to   space 10240K, 0% used [0x0000000777300000,0x0000000777300000,0x0000000777d00000)
 ParOldGen       total 105472K, used 13533K [0x00000006ccc00000, 0x00000006d3300000, 0x000000076ef00000)
  object space 105472K, 12% used [0x00000006ccc00000,0x00000006cd9375d8,0x00000006d3300000)
 Metaspace       used 34101K, capacity 35266K, committed 35416K, reserved 1081344K
  class space    used 4296K, capacity 4551K, committed 4608K, reserved 1048576K
Event: 6.284 GC heap after
Heap after GC invocations=5 (full 1):
 PSYoungGen      total 135168K, used 10224K [0x000000076ef00000, 0x0000000777d00000, 0x00000007c0000000)
  eden space 124928K, 0% used [0x000000076ef00000,0x000000076ef00000,0x0000000776900000)
  from space 10240K, 99% used [0x0000000777300000,0x0000000777cfc090,0x0000000777d00000)
  to   space 10240K, 0% used [0x0000000776900000,0x0000000776900000,0x0000000777300000)
 ParOldGen       total 105472K, used 19080K [0x00000006ccc00000, 0x00000006d3300000, 0x000000076ef00000)
  object space 105472K, 18% used [0x00000006ccc00000,0x00000006cdea23c8,0x00000006d3300000)
 Metaspace       used 34101K, capacity 35266K, committed 35416K, reserved 1081344K
  class space    used 4296K, capacity 4551K, committed 4608K, reserved 1048576K
}
Event: 6.284 GC heap before
{Heap before GC invocations=6 (full 2):
 PSYoungGen      total 135168K, used 10224K [0x000000076ef00000, 0x0000000777d00000, 0x00000007c0000000)
  eden space 124928K, 0% used [0x000000076ef00000,0x000000076ef00000,0x0000000776900000)
  from space 10240K, 99% used [0x0000000777300000,0x0000000777cfc090,0x0000000777d00000)
  to   space 10240K, 0% used [0x0000000776900000,0x0000000776900000,0x0000000777300000)
 ParOldGen       total 105472K, used 19080K [0x00000006ccc00000, 0x00000006d3300000, 0x000000076ef00000)
  object space 105472K, 18% used [0x00000006ccc00000,0x00000006cdea23c8,0x00000006d3300000)
 Metaspace       used 34101K, capacity 35266K, committed 35416K, reserved 1081344K
  class space    used 4296K, capacity 4551K, committed 4608K, reserved 1048576K
Event: 6.440 GC heap after
Heap after GC invocations=6 (full 2):
 PSYoungGen      total 135168K, used 0K [0x000000076ef00000, 0x0000000777d00000, 0x00000007c0000000)
  eden space 124928K, 0% used [0x000000076ef00000,0x000000076ef00000,0x0000000776900000)
  from space 10240K, 0% used [0x0000000777300000,0x0000000777300000,0x0000000777d00000)
  to   space 10240K, 0% used [0x0000000776900000,0x0000000776900000,0x0000000777300000)
 ParOldGen       total 105472K, used 19790K [0x00000006ccc00000, 0x00000006d3300000, 0x000000076ef00000)
  object space 105472K, 18% used [0x00000006ccc00000,0x00000006cdf539b0,0x00000006d3300000)
 Metaspace       used 34101K, capacity 35266K, committed 35416K, reserved 1081344K
  class space    used 4296K, capacity 4551K, committed 4608K, reserved 1048576K
}

Deoptimization events (10 events):
Event: 6.169 Thread 0x000000001e66d000 Uncommon trap: reason=unstable_if action=reinterpret pc=0x0000000002e079b4 method=java.lang.ref.SoftReference.get()Ljava/lang/Object; @ 6
Event: 6.671 Thread 0x000000001e66d000 Uncommon trap: reason=unstable_if action=reinterpret pc=0x000000000360282c method=java.util.concurrent.ConcurrentHashMap.putVal(Ljava/lang/Object;Ljava/lang/Object;Z)Ljava/lang/Object; @ 331
Event: 6.757 Thread 0x000000001e66d000 Uncommon trap: reason=unstable_if action=reinterpret pc=0x000000000359f9b4 method=org.springframework.asm.Frame.merge(Lorg/springframework/asm/ClassWriter;I[II)Z @ 80
Event: 6.757 Thread 0x000000001e66d000 Uncommon trap: reason=unstable_if action=reinterpret pc=0x00000000033a93a4 method=org.springframework.asm.Frame.merge(Lorg/springframework/asm/ClassWriter;I[II)Z @ 80
Event: 6.761 Thread 0x000000001e66d000 Uncommon trap: reason=range_check action=make_not_entrant pc=0x00000000035edf0c method=java.lang.String.charAt(I)C @ 27
Event: 6.784 Thread 0x000000001e66d000 Uncommon trap: reason=unstable_if action=reinterpret pc=0x000000000346b070 method=java.util.concurrent.ConcurrentHashMap.isEmpty()Z @ 6
Event: 6.784 Thread 0x000000001e66d000 Uncommon trap: reason=unstable_if action=reinterpret pc=0x000000000341ce04 method=org.springframework.beans.factory.support.AbstractAutowireCapableBeanFactory.predictBeanType(Ljava/lang/String;Lorg/springframework/beans/factory/support/RootBeanDefinition;
Event: 6.789 Thread 0x000000001e66d000 Uncommon trap: reason=unstable_if action=reinterpret pc=0x000000000334958c method=org.springframework.beans.factory.support.AbstractAutowireCapableBeanFactory.predictBeanType(Ljava/lang/String;Lorg/springframework/beans/factory/support/RootBeanDefinition;
Event: 7.021 Thread 0x000000001e66d000 Uncommon trap: reason=unloaded action=reinterpret pc=0x000000000322ed70 method=java.lang.Class.createAnnotationData(I)Ljava/lang/Class$AnnotationData; @ 98
Event: 7.319 Thread 0x000000001e66d000 Uncommon trap: reason=unstable_if action=reinterpret pc=0x0000000002de0e88 method=java.util.concurrent.ConcurrentHashMap.transfer([Ljava/util/concurrent/ConcurrentHashMap$Node;[Ljava/util/concurrent/ConcurrentHashMap$Node;)V @ 356

Internal exceptions (10 events):
Event: 7.162 Thread 0x000000001e66d000 Exception <a 'java/lang/ClassNotFoundException': org/springframework/boot/autoconfigure/jackson/JacksonAutoConfiguration$JacksonObjectMapperConfiguration$$EnhancerBySpringCGLIB$$dc01bd7fCustomizer> (0x0000000770996a40) thrown at [C:\re\workspace\8-2-build
Event: 7.163 Thread 0x000000001e66d000 Exception <a 'java/lang/ClassNotFoundException': org/springframework/context/annotation/ConfigurationClassEnhancer$EnhancedConfigurationCustomizer> (0x00000007709b3f30) thrown at [C:\re\workspace\8-2-build-windows-amd64-cygwin\jdk8u111\7883\hotspot\src\sh
Event: 7.194 Thread 0x000000001e66d000 Exception <a 'java/lang/ClassNotFoundException': com/fasterxml/jackson/databind/ObjectMapperBeanInfo> (0x0000000770b5f0b0) thrown at [C:\re\workspace\8-2-build-windows-amd64-cygwin\jdk8u111\7883\hotspot\src\share\vm\classfile\systemDictionary.cpp, line 21
Event: 7.194 Thread 0x000000001e66d000 Exception <a 'java/lang/ClassNotFoundException': com/fasterxml/jackson/core/ObjectCodecBeanInfo> (0x0000000770b6bee8) thrown at [C:\re\workspace\8-2-build-windows-amd64-cygwin\jdk8u111\7883\hotspot\src\share\vm\classfile\systemDictionary.cpp, line 210]
Event: 7.194 Thread 0x000000001e66d000 Exception <a 'java/lang/ClassNotFoundException': com/fasterxml/jackson/core/TreeCodecBeanInfo> (0x0000000770b789f8) thrown at [C:\re\workspace\8-2-build-windows-amd64-cygwin\jdk8u111\7883\hotspot\src\share\vm\classfile\systemDictionary.cpp, line 210]
Event: 7.194 Thread 0x000000001e66d000 Exception <a 'java/lang/ClassNotFoundException': com/fasterxml/jackson/core/TreeCodecCustomizer> (0x0000000770b857d0) thrown at [C:\re\workspace\8-2-build-windows-amd64-cygwin\jdk8u111\7883\hotspot\src\share\vm\classfile\systemDictionary.cpp, line 210]
Event: 7.195 Thread 0x000000001e66d000 Exception <a 'java/lang/ClassNotFoundException': com/fasterxml/jackson/core/ObjectCodecCustomizer> (0x0000000770b97aa8) thrown at [C:\re\workspace\8-2-build-windows-amd64-cygwin\jdk8u111\7883\hotspot\src\share\vm\classfile\systemDictionary.cpp, line 210]
Event: 7.196 Thread 0x000000001e66d000 Exception <a 'java/lang/ClassNotFoundException': com/fasterxml/jackson/databind/ObjectMapperCustomizer> (0x0000000770bbecd0) thrown at [C:\re\workspace\8-2-build-windows-amd64-cygwin\jdk8u111\7883\hotspot\src\share\vm\classfile\systemDictionary.cpp, line 
Event: 7.317 Thread 0x000000001e66d000 Exception <a 'java/lang/ClassNotFoundException': com/fasterxml/jackson/core/VersionedCustomizer> (0x0000000770d9adf8) thrown at [C:\re\workspace\8-2-build-windows-amd64-cygwin\jdk8u111\7883\hotspot\src\share\vm\classfile\systemDictionary.cpp, line 210]
Event: 7.317 Thread 0x000000001e66d000 Exception <a 'java/lang/ClassNotFoundException': com/fasterxml/jackson/core/VersionedCustomizer> (0x0000000770da8728) thrown at [C:\re\workspace\8-2-build-windows-amd64-cygwin\jdk8u111\7883\hotspot\src\share\vm\classfile\systemDictionary.cpp, line 210]

Events (10 events):
Event: 7.317 loading class com/fasterxml/jackson/core/VersionedCustomizer done
Event: 7.317 loading class com/fasterxml/jackson/core/VersionedCustomizer
Event: 7.317 loading class com/fasterxml/jackson/core/VersionedCustomizer done
Event: 7.317 loading class com/fasterxml/jackson/core/VersionedCustomizer
Event: 7.317 loading class com/fasterxml/jackson/core/VersionedCustomizer done
Event: 7.318 Thread 0x000000001e66d000 Uncommon trap: trap_request=0xffffff65 fr.pc=0x0000000002de0e88
Event: 7.318 Executing VM operation: RevokeBias
Event: 7.318 Executing VM operation: RevokeBias done
Event: 7.319 Thread 0x000000001e66d000 DEOPT PACKING pc=0x0000000002de0e88 sp=0x000000001f8dd6b0
Event: 7.319 Thread 0x000000001e66d000 DEOPT UNPACKING pc=0x0000000002a4582a sp=0x000000001f8dd620 mode 2


Dynamic libraries:
0x000000013f380000 - 0x000000013f3b7000 	C:\Program Files\Java\jdk1.8.0_111\bin\java.exe
0x0000000077210000 - 0x00000000773af000 	C:\Windows\SYSTEM32\ntdll.dll
0x00000000770f0000 - 0x000000007720f000 	C:\Windows\system32\kernel32.dll
0x000007fefcf80000 - 0x000007fefcfea000 	C:\Windows\system32\KERNELBASE.dll
0x000007fefe150000 - 0x000007fefe22b000 	C:\Windows\system32\ADVAPI32.dll
0x000007feff080000 - 0x000007feff11f000 	C:\Windows\system32\msvcrt.dll
0x000007fefd980000 - 0x000007fefd99f000 	C:\Windows\SYSTEM32\sechost.dll
0x000007fefd300000 - 0x000007fefd42d000 	C:\Windows\system32\RPCRT4.dll
0x0000000076ff0000 - 0x00000000770ea000 	C:\Windows\system32\USER32.dll
0x000007feff010000 - 0x000007feff077000 	C:\Windows\system32\GDI32.dll
0x000007fefdeb0000 - 0x000007fefdebe000 	C:\Windows\system32\LPK.dll
0x000007fefd430000 - 0x000007fefd4fb000 	C:\Windows\system32\USP10.dll
0x000007fefb510000 - 0x000007fefb704000 	C:\Windows\WinSxS\amd64_microsoft.windows.common-controls_6595b64144ccf1df_6.0.7601.18837_none_fa3b1e3d17594757\COMCTL32.dll
0x000007fefd590000 - 0x000007fefd601000 	C:\Windows\system32\SHLWAPI.dll
0x000007feff1c0000 - 0x000007feff1ee000 	C:\Windows\system32\IMM32.DLL
0x000007feff1f0000 - 0x000007feff2f9000 	C:\Windows\system32\MSCTF.dll
0x000000006cf80000 - 0x000000006d052000 	C:\Program Files\Java\jdk1.8.0_111\jre\bin\msvcr100.dll
0x000000006bf20000 - 0x000000006c7ba000 	C:\Program Files\Java\jdk1.8.0_111\jre\bin\server\jvm.dll
0x000007fef4e10000 - 0x000007fef4e19000 	C:\Windows\system32\WSOCK32.dll
0x000007fefefc0000 - 0x000007feff00d000 	C:\Windows\system32\WS2_32.dll
0x000007fefd580000 - 0x000007fefd588000 	C:\Windows\system32\NSI.dll
0x000007fefadf0000 - 0x000007fefae2b000 	C:\Windows\system32\WINMM.dll
0x000007fefbfc0000 - 0x000007fefbfcc000 	C:\Windows\system32\VERSION.dll
0x00000000773b0000 - 0x00000000773b7000 	C:\Windows\system32\PSAPI.DLL
0x0000000070460000 - 0x000000007046f000 	C:\Program Files\Java\jdk1.8.0_111\jre\bin\verify.dll
0x0000000070430000 - 0x0000000070459000 	C:\Program Files\Java\jdk1.8.0_111\jre\bin\java.dll
0x000000006efc0000 - 0x000000006efd6000 	C:\Program Files\Java\jdk1.8.0_111\jre\bin\zip.dll
0x000007fefe230000 - 0x000007fefefbb000 	C:\Windows\system32\SHELL32.dll
0x000007feff300000 - 0x000007feff4fd000 	C:\Windows\system32\ole32.dll
0x000007fefcee0000 - 0x000007fefceef000 	C:\Windows\system32\profapi.dll
0x000000006efb0000 - 0x000000006efbd000 	C:\Program Files\Java\jdk1.8.0_111\jre\bin\management.dll
0x000000006eab0000 - 0x000000006eaca000 	C:\Program Files\Java\jdk1.8.0_111\jre\bin\net.dll
0x000007fefc6b0000 - 0x000007fefc705000 	C:\Windows\system32\mswsock.dll
0x000007fefc6a0000 - 0x000007fefc6a7000 	C:\Windows\System32\wship6.dll
0x000007fefaab0000 - 0x000007fefaac5000 	C:\Windows\system32\NLAapi.dll
0x000007fef86b0000 - 0x000007fef86c5000 	C:\Windows\system32\napinsp.dll
0x000007fef8690000 - 0x000007fef86a9000 	C:\Windows\system32\pnrpnsp.dll
0x000007fefc530000 - 0x000007fefc58b000 	C:\Windows\system32\DNSAPI.dll
0x000007fef8680000 - 0x000007fef868b000 	C:\Windows\System32\winrnr.dll
0x000007fefc090000 - 0x000007fefc097000 	C:\Windows\System32\wshtcpip.dll
0x000007fefa820000 - 0x000007fefa847000 	C:\Windows\system32\IPHLPAPI.DLL
0x000007fefa810000 - 0x000007fefa81b000 	C:\Windows\system32\WINNSI.DLL
0x000007fef0460000 - 0x000007fef0468000 	C:\Windows\system32\rasadhlp.dll
0x000007fefa640000 - 0x000007fefa693000 	C:\Windows\System32\fwpuclnt.dll
0x000000006ea90000 - 0x000000006eaa1000 	C:\Program Files\Java\jdk1.8.0_111\jre\bin\nio.dll
0x000007fefc710000 - 0x000007fefc728000 	C:\Windows\system32\CRYPTSP.dll
0x000007fefc410000 - 0x000007fefc457000 	C:\Windows\system32\rsaenh.dll
0x000007fefcf50000 - 0x000007fefcf6e000 	C:\Windows\system32\USERENV.dll
0x000007fefcd80000 - 0x000007fefcd8f000 	C:\Windows\system32\CRYPTBASE.dll
0x000007fefa4b0000 - 0x000007fefa4c1000 	C:\Windows\system32\dhcpcsvc6.DLL
0x000007fefa430000 - 0x000007fefa448000 	C:\Windows\system32\dhcpcsvc.DLL

VM Arguments:
java_command: com.project.pmalek_project.PmalekProjectApplication
java_class_path (initial): C:\Users\Comarch\Desktop\pmalek_project\target\classes;C:\Users\Comarch\.m2\repository\org\springframework\boot\spring-boot-starter\2.0.0.RELEASE\spring-boot-starter-2.0.0.RELEASE.jar;C:\Users\Comarch\.m2\repository\org\springframework\boot\spring-boot\2.0.0.RELEASE\spring-boot-2.0.0.RELEASE.jar;C:\Users\Comarch\.m2\repository\org\springframework\spring-context\5.0.4.RELEASE\spring-context-5.0.4.RELEASE.jar;C:\Users\Comarch\.m2\repository\org\springframework\boot\spring-boot-autoconfigure\2.0.0.RELEASE\spring-boot-autoconfigure-2.0.0.RELEASE.jar;C:\Users\Comarch\.m2\repository\org\springframework\boot\spring-boot-starter-logging\2.0.0.RELEASE\spring-boot-starter-logging-2.0.0.RELEASE.jar;C:\Users\Comarch\.m2\repository\ch\qos\logback\logback-classic\1.2.3\logback-classic-1.2.3.jar;C:\Users\Comarch\.m2\repository\ch\qos\logback\logback-core\1.2.3\logback-core-1.2.3.jar;C:\Users\Comarch\.m2\repository\org\apache\logging\log4j\log4j-to-slf4j\2.10.0\log4j-to-slf4j-2.10.0.jar;C:\Users\Comarch\.m2\repository\org\apache\logging\log4j\log4j-api\2.10.0\log4j-api-2.10.0.jar;C:\Users\Comarch\.m2\repository\org\slf4j\jul-to-slf4j\1.7.25\jul-to-slf4j-1.7.25.jar;C:\Users\Comarch\.m2\repository\javax\annotation\javax.annotation-api\1.3.2\javax.annotation-api-1.3.2.jar;C:\Users\Comarch\.m2\repository\org\springframework\spring-core\5.0.4.RELEASE\spring-core-5.0.4.RELEASE.jar;C:\Users\Comarch\.m2\repository\org\springframework\spring-jcl\5.0.4.RELEASE\spring-jcl-5.0.4.RELEASE.jar;C:\Users\Comarch\.m2\repository\org\yaml\snakeyaml\1.19\snakeyaml-1.19.jar;C:\Users\Comarch\.m2\repository\org\springframework\boot\spring-boot-starter-jdbc\2.0.0.RELEASE\spring-boot-starter-jdbc-2.0.0.RELEASE.jar;C:\Users\Comarch\.m2\repository\com\zaxxer\HikariCP\2.7.8\HikariCP-2.7.8.jar;C:\Users\Comarch\.m2\repository\org\slf4j\slf4j-api\1.7.25\slf4j-api-1.7.25.jar;C:\Users\Comarch\.m2\repository\org\springframework\boot\spring-boot-starter-web\2.0.0.RELEASE\spring-boot-start
Launcher Type: SUN_STANDARD

Environment Variables:
JAVA_HOME=C:\Program Files\Java\jdk1.8.0_111
PATH=C:\app\Comarch\virtual\product\12.2.0\dbhome_1\bin;C:\app\Comarch\OraHome_1\bin;C:\app\Comarch\product\11.2.0\client_1\bin;C:\Windows\system32;C:\Windows;C:\Windows\System32\Wbem;C:\Windows\System32\WindowsPowerShell\v1.0\;C:\Program Files (x86)\ATI Technologies\ATI.ACE\Core-Static;C:\work\maven\bin;C:\Oracle\Middleware\jdk160_24\jre\bin;C:\work\apache-ant-1.10.1\bin;C:\Program Files\Microsoft SQL Server\110\Tools\Binn\;C:\Program Files (x86)\Microsoft SQL Server\110\Tools\Binn\;C:\Program Files\Microsoft SQL Server\110\DTS\Binn\;C:\Program Files (x86)\Microsoft SQL Server\110\Tools\Binn\ManagementStudio\;C:\Program Files (x86)\Microsoft Visual Studio 10.0\Common7\IDE\PrivateAssemblies\;C:\Program Files (x86)\Microsoft SQL Server\110\DTS\Binn\;C:\Program Files (x86)\AMD\ATI.ACE\Core-Static;C:\Program Files (x86)\Brackets\command;C:\work\instantclient_11_2;C:\app\oracleclient\product\11.2.0\client_1\bin;C:\Program Files\TortoiseSVN\bin;C:\Program Files (x86)\Microsoft SQL Server\Client SDK\ODBC\130\Tools\Binn\;C:\Program Files (x86)\Microsoft SQL Server\130\Tools\Binn\;C:\Program Files (x86)\Microsoft SQL Server\130\DTS\Binn\;C:\Program Files (x86)\Microsoft SQL Server\130\Tools\Binn\ManagementStudio\;C:\Windows\system32\config\systemprofile\.dnx\bin;C:\Program Files\Microsoft DNX\Dnvm\;C:\Program Files\Microsoft SQL Server\130\Tools\Binn\;C:\Program Files\PuTTY\;C:\Users\Comarch\AppData\Local\Programs\Python\Python36-32\;C:\Program Files\Git\cmd;C:\cygwin64\bin;C:\cygwin\bin;C:\Program Files\TortoiseGit\bin;C:\MinGW\bin;
USERNAME=Comarch
OS=Windows_NT
PROCESSOR_IDENTIFIER=AMD64 Family 21 Model 19 Stepping 1, AuthenticAMD



---------------  S Y S T E M  ---------------

OS: Windows 7 , 64 bit Build 7601 (6.1.7601.24059)

CPU:total 4 (4 cores per cpu, 1 threads per core) family 21 model 19 stepping 1, cmov, cx8, fxsr, mmx, sse, sse2, sse3, ssse3, sse4.1, sse4.2, popcnt, avx, aes, clmul, mmxext, 3dnowpref, lzcnt, sse4a, tsc, tscinvbit, tscinv, bmi1

Memory: 4k page, physical 15936716k(431380k free), swap 15934840k(5220k free)

vm_info: Java HotSpot(TM) 64-Bit Server VM (25.111-b14) for windows-amd64 JRE (1.8.0_111-b14), built on Sep 22 2016 19:24:05 by "java_re" with MS VC++ 10.0 (VS2010)

time: Wed Mar 21 13:01:43 2018
elapsed time: 7 seconds (0d 0h 0m 7s)

